# JRE version: Java(TM) SE Runtime Environment (14.0+36) (build 14+36-1461)
# Java VM: Java HotSpot(TM) 64-Bit Server VM (14+36-1461, mixed mode, sharing, tiered, compressed oops, g1 gc, windows-amd64)
Heap:
 garbage-first heap   total 1105920K, used 75937K [0x0000000081a00000, 0x0000000100000000)
  region size 1024K, 2 young (2048K), 2 survivors (2048K)
 Metaspace       used 269K, capacity 4564K, committed 4864K, reserved 1056768K
  class space    used 10K, capacity 388K, committed 512K, reserved 1048576K
GC Heap History (20 events):
Event: 7.345 GC heap after
{Heap after GC invocations=9 (full 0):
 garbage-first heap   total 162816K, used 29903K [0x0000000081a00000, 0x0000000100000000)
  region size 1024K, 8 young (8192K), 8 survivors (8192K)
 Metaspace       used 265K, capacity 4564K, committed 4864K, reserved 1056768K
  class space    used 10K, capacity 388K, committed 512K, reserved 1048576K
}
Event: 7.612 GC heap before
{Heap before GC invocations=9 (full 0):
 garbage-first heap   total 162816K, used 118991K [0x0000000081a00000, 0x0000000100000000)
  region size 1024K, 95 young (97280K), 8 survivors (8192K)
 Metaspace       used 265K, capacity 4564K, committed 4864K, reserved 1056768K
  class space    used 10K, capacity 388K, committed 512K, reserved 1048576K
}
Event: 7.626 GC heap after
{Heap after GC invocations=10 (full 0):
 garbage-first heap   total 201728K, used 34804K [0x0000000081a00000, 0x0000000100000000)
  region size 1024K, 9 young (9216K), 9 survivors (9216K)
 Metaspace       used 265K, capacity 4564K, committed 4864K, reserved 1056768K
  class space    used 10K, capacity 388K, committed 512K, reserved 1048576K
}
Event: 7.852 GC heap before
{Heap before GC invocations=10 (full 0):
 garbage-first heap   total 201728K, used 146420K [0x0000000081a00000, 0x0000000100000000)
  region size 1024K, 118 young (120832K), 9 survivors (9216K)
 Metaspace       used 265K, capacity 4564K, committed 4864K, reserved 1056768K
  class space    used 10K, capacity 388K, committed 512K, reserved 1048576K
}
Event: 7.917 GC heap after
{Heap after GC invocations=11 (full 0):
 garbage-first heap   total 201728K, used 39889K [0x0000000081a00000, 0x0000000100000000)
  region size 1024K, 10 young (10240K), 10 survivors (10240K)
 Metaspace       used 265K, capacity 4564K, committed 4864K, reserved 1056768K
  class space    used 10K, capacity 388K, committed 512K, reserved 1048576K
}
Event: 8.140 GC heap before
{Heap before GC invocations=11 (full 0):
 garbage-first heap   total 201728K, used 150481K [0x0000000081a00000, 0x0000000100000000)
  region size 1024K, 118 young (120832K), 10 survivors (10240K)
 Metaspace       used 268K, capacity 4564K, committed 4864K, reserved 1056768K
  class space    used 10K, capacity 388K, committed 512K, reserved 1048576K
}
Event: 8.184 GC heap after
{Heap after GC invocations=12 (full 0):
 garbage-first heap   total 201728K, used 45679K [0x0000000081a00000, 0x0000000100000000)
  region size 1024K, 11 young (11264K), 11 survivors (11264K)
 Metaspace       used 268K, capacity 4564K, committed 4864K, reserved 1056768K
  class space    used 10K, capacity 388K, committed 512K, reserved 1048576K
}
Event: 8.275 GC heap before
{Heap before GC invocations=12 (full 0):
 garbage-first heap   total 201728K, used 157295K [0x0000000081a00000, 0x0000000100000000)
  region size 1024K, 118 young (120832K), 11 survivors (11264K)
 Metaspace       used 269K, capacity 4564K, committed 4864K, reserved 1056768K
  class space    used 10K, capacity 388K, committed 512K, reserved 1048576K
}
Event: 8.290 GC heap after
{Heap after GC invocations=13 (full 0):
 garbage-first heap   total 201728K, used 52651K [0x0000000081a00000, 0x0000000100000000)
  region size 1024K, 11 young (11264K), 11 survivors (11264K)
 Metaspace       used 269K, capacity 4564K, committed 4864K, reserved 1056768K
  class space    used 10K, capacity 388K, committed 512K, reserved 1048576K
}
Event: 8.431 GC heap before
{Heap before GC invocations=13 (full 0):
 garbage-first heap   total 201728K, used 162219K [0x0000000081a00000, 0x0000000100000000)
  region size 1024K, 118 young (120832K), 11 survivors (11264K)
 Metaspace       used 269K, capacity 4564K, committed 4864K, reserved 1056768K
  class space    used 10K, capacity 388K, committed 512K, reserved 1048576K
}
Event: 8.480 GC heap after
{Heap after GC invocations=14 (full 0):
 garbage-first heap   total 462848K, used 58625K [0x0000000081a00000, 0x0000000100000000)
  region size 1024K, 11 young (11264K), 11 survivors (11264K)
 Metaspace       used 269K, capacity 4564K, committed 4864K, reserved 1056768K
  class space    used 10K, capacity 388K, committed 512K, reserved 1048576K
}
Event: 11.750 GC heap before
{Heap before GC invocations=14 (full 0):
 garbage-first heap   total 462848K, used 324865K [0x0000000081a00000, 0x0000000100000000)
  region size 1024K, 271 young (277504K), 11 survivors (11264K)
 Metaspace       used 269K, capacity 4564K, committed 4864K, reserved 1056768K
  class space    used 10K, capacity 388K, committed 512K, reserved 1048576K
}
Event: 12.876 GC heap after
{Heap after GC invocations=15 (full 0):
 garbage-first heap   total 462848K, used 70915K [0x0000000081a00000, 0x0000000100000000)
  region size 1024K, 23 young (23552K), 23 survivors (23552K)
 Metaspace       used 269K, capacity 4564K, committed 4864K, reserved 1056768K
  class space    used 10K, capacity 388K, committed 512K, reserved 1048576K
}
Event: 12.904 GC heap before
{Heap before GC invocations=15 (full 0):
 garbage-first heap   total 462848K, used 71939K [0x0000000081a00000, 0x0000000100000000)
  region size 1024K, 24 young (24576K), 23 survivors (23552K)
 Metaspace       used 269K, capacity 4564K, committed 4864K, reserved 1056768K
  class space    used 10K, capacity 388K, committed 512K, reserved 1048576K
}
Event: 12.942 GC heap after
{Heap after GC invocations=16 (full 0):
 garbage-first heap   total 462848K, used 71803K [0x0000000081a00000, 0x0000000100000000)
  region size 1024K, 2 young (2048K), 2 survivors (2048K)
 Metaspace       used 269K, capacity 4564K, committed 4864K, reserved 1056768K
  class space    used 10K, capacity 388K, committed 512K, reserved 1048576K
}
Event: 13.027 GC heap before
{Heap before GC invocations=16 (full 0):
 garbage-first heap   total 462848K, used 92283K [0x0000000081a00000, 0x0000000100000000)
  region size 1024K, 22 young (22528K), 2 survivors (2048K)
 Metaspace       used 269K, capacity 4564K, committed 4864K, reserved 1056768K
  class space    used 10K, capacity 388K, committed 512K, reserved 1048576K
}
Event: 13.030 GC heap after
{Heap after GC invocations=17 (full 0):
 garbage-first heap   total 462848K, used 71014K [0x0000000081a00000, 0x0000000100000000)
  region size 1024K, 2 young (2048K), 2 survivors (2048K)
 Metaspace       used 269K, capacity 4564K, committed 4864K, reserved 1056768K
  class space    used 10K, capacity 388K, committed 512K, reserved 1048576K
}
Event: 14.012 GC heap before
{Heap before GC invocations=17 (full 0):
 garbage-first heap   total 462848K, used 158054K [0x0000000081a00000, 0x0000000100000000)
  region size 1024K, 87 young (89088K), 2 survivors (2048K)
 Metaspace       used 269K, capacity 4564K, committed 4864K, reserved 1056768K
  class space    used 10K, capacity 388K, committed 512K, reserved 1048576K
}
Event: 15.065 GC heap after
{Heap after GC invocations=18 (full 0):
 garbage-first heap   total 462848K, used 74875K [0x0000000081a00000, 0x0000000100000000)
  region size 1024K, 5 young (5120K), 5 survivors (5120K)
 Metaspace       used 269K, capacity 4564K, committed 4864K, reserved 1056768K
  class space    used 10K, capacity 388K, committed 512K, reserved 1048576K
}
Event: 15.678 GC heap before
{Heap before GC invocations=18 (full 0):
 garbage-first heap   total 462848K, used 92283K [0x0000000081a00000, 0x0000000100000000)
  region size 1024K, 22 young (22528K), 5 survivors (5120K)
 Metaspace       used 269K, capacity 4564K, committed 4864K, reserved 1056768K
  class space    used 10K, capacity 388K, committed 512K, reserved 1048576K
}

