# JRE version: Java(TM) SE Runtime Environment (14.0+36) (build 14+36-1461)
# Java VM: Java HotSpot(TM) 64-Bit Server VM (14+36-1461, mixed mode, sharing, tiered, compressed oops, g1 gc, windows-amd64)
Heap:
 garbage-first heap   total 666624K, used 34870K [0x0000000081a00000, 0x0000000100000000)
  region size 1024K, 12 young (12288K), 12 survivors (12288K)
 Metaspace       used 271K, capacity 740K, committed 1024K, reserved 1060864K
  class space    used 10K, capacity 388K, committed 512K, reserved 1048576K
GC Heap History (19 events):
Event: 2.450 GC heap before
{Heap before GC invocations=0 (full 0):
 garbage-first heap   total 131072K, used 13312K [0x0000000081a00000, 0x0000000100000000)
  region size 1024K, 13 young (13312K), 0 survivors (0K)
 Metaspace       used 263K, capacity 740K, committed 1024K, reserved 1060864K
  class space    used 10K, capacity 388K, committed 512K, reserved 1048576K
}
Event: 2.522 GC heap after
{Heap after GC invocations=1 (full 0):
 garbage-first heap   total 131072K, used 1073K [0x0000000081a00000, 0x0000000100000000)
  region size 1024K, 2 young (2048K), 2 survivors (2048K)
 Metaspace       used 263K, capacity 740K, committed 1024K, reserved 1060864K
  class space    used 10K, capacity 388K, committed 512K, reserved 1048576K
}
Event: 2.547 GC heap before
{Heap before GC invocations=1 (full 0):
 garbage-first heap   total 131072K, used 20529K [0x0000000081a00000, 0x0000000100000000)
  region size 1024K, 21 young (21504K), 2 survivors (2048K)
 Metaspace       used 263K, capacity 740K, committed 1024K, reserved 1060864K
  class space    used 10K, capacity 388K, committed 512K, reserved 1048576K
}
Event: 2.549 GC heap after
{Heap after GC invocations=2 (full 0):
 garbage-first heap   total 131072K, used 2044K [0x0000000081a00000, 0x0000000100000000)
  region size 1024K, 2 young (2048K), 2 survivors (2048K)
 Metaspace       used 263K, capacity 740K, committed 1024K, reserved 1060864K
  class space    used 10K, capacity 388K, committed 512K, reserved 1048576K
}
Event: 2.611 GC heap before
{Heap before GC invocations=2 (full 0):
 garbage-first heap   total 131072K, used 77820K [0x0000000081a00000, 0x0000000100000000)
  region size 1024K, 76 young (77824K), 2 survivors (2048K)
 Metaspace       used 263K, capacity 740K, committed 1024K, reserved 1060864K
  class space    used 10K, capacity 388K, committed 512K, reserved 1048576K
}
Event: 2.616 GC heap after
{Heap after GC invocations=3 (full 0):
 garbage-first heap   total 131072K, used 5445K [0x0000000081a00000, 0x0000000100000000)
  region size 1024K, 6 young (6144K), 6 survivors (6144K)
 Metaspace       used 263K, capacity 740K, committed 1024K, reserved 1060864K
  class space    used 10K, capacity 388K, committed 512K, reserved 1048576K
}
Event: 2.675 GC heap before
{Heap before GC invocations=3 (full 0):
 garbage-first heap   total 131072K, used 77125K [0x0000000081a00000, 0x0000000100000000)
  region size 1024K, 76 young (77824K), 6 survivors (6144K)
 Metaspace       used 263K, capacity 740K, committed 1024K, reserved 1060864K
  class space    used 10K, capacity 388K, committed 512K, reserved 1048576K
}
Event: 2.681 GC heap after
{Heap after GC invocations=4 (full 0):
 garbage-first heap   total 131072K, used 9048K [0x0000000081a00000, 0x0000000100000000)
  region size 1024K, 8 young (8192K), 8 survivors (8192K)
 Metaspace       used 263K, capacity 740K, committed 1024K, reserved 1060864K
  class space    used 10K, capacity 388K, committed 512K, reserved 1048576K
}
Event: 2.710 GC heap before
{Heap before GC invocations=4 (full 0):
 garbage-first heap   total 131072K, used 78680K [0x0000000081a00000, 0x0000000100000000)
  region size 1024K, 76 young (77824K), 8 survivors (8192K)
 Metaspace       used 271K, capacity 740K, committed 1024K, reserved 1060864K
  class space    used 10K, capacity 388K, committed 512K, reserved 1048576K
}
Event: 2.719 GC heap after
{Heap after GC invocations=5 (full 0):
 garbage-first heap   total 131072K, used 12558K [0x0000000081a00000, 0x0000000100000000)
  region size 1024K, 7 young (7168K), 7 survivors (7168K)
 Metaspace       used 271K, capacity 740K, committed 1024K, reserved 1060864K
  class space    used 10K, capacity 388K, committed 512K, reserved 1048576K
}
Event: 2.749 GC heap before
{Heap before GC invocations=5 (full 0):
 garbage-first heap   total 131072K, used 83214K [0x0000000081a00000, 0x0000000100000000)
  region size 1024K, 76 young (77824K), 7 survivors (7168K)
 Metaspace       used 271K, capacity 740K, committed 1024K, reserved 1060864K
  class space    used 10K, capacity 388K, committed 512K, reserved 1048576K
}
Event: 3.119 GC heap after
{Heap after GC invocations=6 (full 0):
 garbage-first heap   total 222208K, used 16038K [0x0000000081a00000, 0x0000000100000000)
  region size 1024K, 7 young (7168K), 7 survivors (7168K)
 Metaspace       used 271K, capacity 740K, committed 1024K, reserved 1060864K
  class space    used 10K, capacity 388K, committed 512K, reserved 1048576K
}
Event: 3.130 GC heap before
{Heap before GC invocations=6 (full 0):
 garbage-first heap   total 222208K, used 19110K [0x0000000081a00000, 0x0000000100000000)
  region size 1024K, 10 young (10240K), 7 survivors (7168K)
 Metaspace       used 271K, capacity 740K, committed 1024K, reserved 1060864K
  class space    used 10K, capacity 388K, committed 512K, reserved 1048576K
}
Event: 3.155 GC heap after
{Heap after GC invocations=7 (full 0):
 garbage-first heap   total 222208K, used 16986K [0x0000000081a00000, 0x0000000100000000)
  region size 1024K, 1 young (1024K), 1 survivors (1024K)
 Metaspace       used 271K, capacity 740K, committed 1024K, reserved 1060864K
  class space    used 10K, capacity 388K, committed 512K, reserved 1048576K
}
Event: 3.524 GC heap before
{Heap before GC invocations=7 (full 0):
 garbage-first heap   total 222208K, used 150106K [0x0000000081a00000, 0x0000000100000000)
  region size 1024K, 130 young (133120K), 1 survivors (1024K)
 Metaspace       used 271K, capacity 740K, committed 1024K, reserved 1060864K
  class space    used 10K, capacity 388K, committed 512K, reserved 1048576K
}
Event: 3.530 GC heap after
{Heap after GC invocations=8 (full 0):
 garbage-first heap   total 222208K, used 23354K [0x0000000081a00000, 0x0000000100000000)
  region size 1024K, 7 young (7168K), 7 survivors (7168K)
 Metaspace       used 271K, capacity 740K, committed 1024K, reserved 1060864K
  class space    used 10K, capacity 388K, committed 512K, reserved 1048576K
}
Event: 3.585 GC heap before
{Heap before GC invocations=8 (full 0):
 garbage-first heap   total 222208K, used 149306K [0x0000000081a00000, 0x0000000100000000)
  region size 1024K, 130 young (133120K), 7 survivors (7168K)
 Metaspace       used 271K, capacity 740K, committed 1024K, reserved 1060864K
  class space    used 10K, capacity 388K, committed 512K, reserved 1048576K
}
Event: 3.594 GC heap after
{Heap after GC invocations=9 (full 0):
 garbage-first heap   total 222208K, used 29174K [0x0000000081a00000, 0x0000000100000000)
  region size 1024K, 12 young (12288K), 12 survivors (12288K)
 Metaspace       used 271K, capacity 740K, committed 1024K, reserved 1060864K
  class space    used 10K, capacity 388K, committed 512K, reserved 1048576K
}
Event: 3.643 GC heap before
{Heap before GC invocations=9 (full 0):
 garbage-first heap   total 222208K, used 150006K [0x0000000081a00000, 0x0000000100000000)
  region size 1024K, 130 young (133120K), 12 survivors (12288K)
 Metaspace       used 271K, capacity 740K, committed 1024K, reserved 1060864K
  class space    used 10K, capacity 388K, committed 512K, reserved 1048576K
}

